<?xml version="1.0" encoding="UTF-8"?>
<!-- Generated by org.testng.reporters.JUnitXMLReporter -->
<testsuite ignored="4" hostname="DESKTOP-56QICGD" failures="0" tests="4" name="Test1" time="38.038" errors="0" timestamp="2025-06-10T12:51:24 IST">
  <testcase classname="campaign.CreateCampaignTest" name="CreateCampaignWithMandatoryFieldsTest" time="2.623"/>
  <testcase classname="campaign.CreateCampaignTest" name="createCampaignWithExpectedCloseDateTest" time="1.565"/>
  <testcase classname="campaign.CreateCampaignTest" name="createCampaignWithStatusTest" time="1.439"/>
  <testcase classname="contact.CreateContactTest" name="CreateContactWithMandatoryFields" time="5.216"/>
  <testcase classname="configbaseclass.BaseClass" name="@BeforeSuite beforeSuite" time="0.0">
    <ignored/>
  </testcase> <!-- @BeforeSuite beforeSuite -->
  <testcase classname="configbaseclass.BaseClass" name="@AfterSuite afterSuite" time="0.0">
    <ignored/>
  </testcase> <!-- @AfterSuite afterSuite -->
  <testcase classname="configbaseclass.BaseClass" name="@BeforeTest beforeTest" time="0.0">
    <ignored/>
  </testcase> <!-- @BeforeTest beforeTest -->
  <testcase classname="configbaseclass.BaseClass" name="@AfterTest afterTest" time="0.0">
    <ignored/>
  </testcase> <!-- @AfterTest afterTest -->
</testsuite> <!-- Test1 -->
